This file contains any messages produced by compilers while
running configure, to aid debugging if configure makes a mistake.

It was created by APRS parser configure 1.5, which was
generated by GNU Autoconf 2.69.  Invocation command line was

  $ ./configure 

## --------- ##
## Platform. ##
## --------- ##

hostname = Conrads-MacBook-Pro.local
uname -m = x86_64
uname -r = 14.3.0
uname -s = Darwin
uname -v = Darwin Kernel Version 14.3.0: Mon Mar 23 11:59:05 PDT 2015; root:xnu-2782.20.48~5/RELEASE_X86_64

/usr/bin/uname -p = i386
/bin/uname -X     = unknown

/bin/arch              = unknown
/usr/bin/arch -k       = unknown
/usr/convex/getsysinfo = unknown
/usr/bin/hostinfo      = Mach kernel version:
	 Darwin Kernel Version 14.3.0: Mon Mar 23 11:59:05 PDT 2015; root:xnu-2782.20.48~5/RELEASE_X86_64
Kernel configured for up to 4 processors.
2 processors are physically available.
4 processors are logically available.
Processor type: x86_64h (Intel x86-64h Haswell)
Processors active: 0 1 2 3
Primary memory available: 4.00 gigabytes
Default processor set: 217 tasks, 1621 threads, 4 processors
Load average: 1.32, Mach factor: 2.66
/bin/machine           = unknown
/usr/bin/oslevel       = unknown
/bin/universe          = unknown

PATH: /Library/Frameworks/Python.framework/Versions/2.7/bin
PATH: /usr/local/bin
PATH: /usr/bin
PATH: /bin
PATH: /usr/sbin
PATH: /sbin
PATH: /opt/X11/bin
PATH: /usr/texbin


## ----------- ##
## Core tests. ##
## ----------- ##

configure:2253: checking for a BSD-compatible install
configure:2321: result: /usr/bin/install -c
configure:2332: checking whether build environment is sane
configure:2382: result: yes
configure:2523: checking for a thread-safe mkdir -p
configure:2562: result: ./install-sh -c -d
configure:2575: checking for gawk
configure:2605: result: no
configure:2575: checking for mawk
configure:2605: result: no
configure:2575: checking for nawk
configure:2605: result: no
configure:2575: checking for awk
configure:2591: found /usr/bin/awk
configure:2602: result: awk
configure:2613: checking whether make sets $(MAKE)
configure:2635: result: yes
configure:2745: checking build system type
configure:2759: result: x86_64-apple-darwin14.3.0
configure:2779: checking host system type
configure:2792: result: x86_64-apple-darwin14.3.0
configure:2833: checking how to print strings
configure:2860: result: printf
configure:2893: checking for style of include used by make
configure:2921: result: GNU
configure:2992: checking for gcc
configure:3008: found /usr/bin/gcc
configure:3019: result: gcc
configure:3248: checking for C compiler version
configure:3257: gcc --version >&5
Apple LLVM version 6.1.0 (clang-602.0.53) (based on LLVM 3.6.0svn)
Target: x86_64-apple-darwin14.3.0
Thread model: posix
Configured with: --prefix=/Applications/Xcode.app/Contents/Developer/usr --with-gxx-include-dir=/usr/include/c++/4.2.1
configure:3268: $? = 0
configure:3257: gcc -v >&5
Configured with: --prefix=/Applications/Xcode.app/Contents/Developer/usr --with-gxx-include-dir=/usr/include/c++/4.2.1
Apple LLVM version 6.1.0 (clang-602.0.53) (based on LLVM 3.6.0svn)
Target: x86_64-apple-darwin14.3.0
Thread model: posix
configure:3268: $? = 0
configure:3257: gcc -V >&5
clang: error: argument to '-V' is missing (expected 1 value)
clang: error: no input files
configure:3268: $? = 1
configure:3257: gcc -qversion >&5
clang: error: unknown argument: '-qversion'
clang: error: no input files
configure:3268: $? = 1
configure:3288: checking whether the C compiler works
configure:3310: gcc    conftest.c  >&5
configure:3314: $? = 0
configure:3362: result: yes
configure:3365: checking for C compiler default output file name
configure:3367: result: a.out
configure:3373: checking for suffix of executables
configure:3380: gcc -o conftest    conftest.c  >&5
configure:3384: $? = 0
configure:3406: result: 
configure:3428: checking whether we are cross compiling
configure:3436: gcc -o conftest    conftest.c  >&5
configure:3440: $? = 0
configure:3447: ./conftest
configure:3451: $? = 0
configure:3466: result: no
configure:3471: checking for suffix of object files
configure:3493: gcc -c   conftest.c >&5
configure:3497: $? = 0
configure:3518: result: o
configure:3522: checking whether we are using the GNU C compiler
configure:3541: gcc -c   conftest.c >&5
configure:3541: $? = 0
configure:3550: result: yes
configure:3559: checking whether gcc accepts -g
configure:3579: gcc -c -g  conftest.c >&5
configure:3579: $? = 0
configure:3620: result: yes
configure:3637: checking for gcc option to accept ISO C89
configure:3700: gcc  -c -g -O2  conftest.c >&5
configure:3700: $? = 0
configure:3713: result: none needed
configure:3735: checking dependency style of gcc
configure:3846: result: gcc3
configure:3861: checking for a sed that does not truncate output
configure:3925: result: /usr/bin/sed
configure:3943: checking for grep that handles long lines and -e
configure:4001: result: /usr/bin/grep
configure:4006: checking for egrep
configure:4068: result: /usr/bin/grep -E
configure:4073: checking for fgrep
configure:4135: result: /usr/bin/grep -F
configure:4170: checking for ld used by gcc
configure:4237: result: /Applications/Xcode.app/Contents/Developer/Toolchains/XcodeDefault.xctoolchain/usr/bin/ld
configure:4244: checking if the linker (/Applications/Xcode.app/Contents/Developer/Toolchains/XcodeDefault.xctoolchain/usr/bin/ld) is GNU ld
configure:4259: result: no
configure:4271: checking for BSD- or MS-compatible name lister (nm)
configure:4320: result: /usr/bin/nm
configure:4450: checking the name lister (/usr/bin/nm) interface
configure:4457: gcc -c -g -O2  conftest.c >&5
configure:4460: /usr/bin/nm "conftest.o"
configure:4463: output
0000000000000204 S _some_variable
configure:4470: result: BSD nm
configure:4473: checking whether ln -s works
configure:4477: result: yes
configure:4485: checking the maximum length of command line arguments
configure:4615: result: 196608
configure:4632: checking whether the shell understands some XSI constructs
configure:4642: result: yes
configure:4646: checking whether the shell understands "+="
configure:4652: result: yes
configure:4687: checking how to convert x86_64-apple-darwin14.3.0 file names to x86_64-apple-darwin14.3.0 format
configure:4727: result: func_convert_file_noop
configure:4734: checking how to convert x86_64-apple-darwin14.3.0 file names to toolchain format
configure:4754: result: func_convert_file_noop
configure:4761: checking for /Applications/Xcode.app/Contents/Developer/Toolchains/XcodeDefault.xctoolchain/usr/bin/ld option to reload object files
configure:4768: result: -r
configure:4842: checking for objdump
configure:4872: result: no
configure:4901: checking how to recognize dependent libraries
configure:5099: result: pass_all
configure:5184: checking for dlltool
configure:5214: result: no
configure:5244: checking how to associate runtime and link libraries
configure:5271: result: printf %s\n
configure:5332: checking for ar
configure:5348: found /usr/bin/ar
configure:5359: result: ar
configure:5396: checking for archiver @FILE support
configure:5413: gcc -c -g -O2  conftest.c >&5
configure:5413: $? = 0
configure:5416: ar cru libconftest.a @conftest.lst >&5
ar: @conftest.lst: No such file or directory
configure:5419: $? = 1
configure:5439: result: no
configure:5497: checking for strip
configure:5513: found /usr/bin/strip
configure:5524: result: strip
configure:5596: checking for ranlib
configure:5612: found /usr/bin/ranlib
configure:5623: result: ranlib
configure:5725: checking command to parse /usr/bin/nm output from gcc object
configure:5845: gcc -c -g -O2  conftest.c >&5
configure:5848: $? = 0
configure:5852: /usr/bin/nm conftest.o \| sed -n -e 's/^.*[ ]\([BCDEGRST][BCDEGRST]*\)[ ][ ]*\([_A-Za-z][_A-Za-z0-9]*\)$/\1 \2 \2/p' | sed '/ __gnu_lto/d' \> conftest.nm
configure:5855: $? = 0
cannot find nm_test_var in conftest.nm
configure:5845: gcc -c -g -O2  conftest.c >&5
configure:5848: $? = 0
configure:5852: /usr/bin/nm conftest.o \| sed -n -e 's/^.*[ ]\([BCDEGRST][BCDEGRST]*\)[ ][ ]*_\([_A-Za-z][_A-Za-z0-9]*\)$/\1 _\2 \2/p' | sed '/ __gnu_lto/d' \> conftest.nm
configure:5855: $? = 0
configure:5921: gcc -o conftest -g -O2   conftest.c conftstm.o >&5
configure:5924: $? = 0
configure:5962: result: ok
configure:5999: checking for sysroot
configure:6029: result: no
configure:6285: checking for mt
configure:6315: result: no
configure:6335: checking if : is a manifest tool
configure:6341: : '-?'
configure:6349: result: no
configure:6405: checking for dsymutil
configure:6421: found /usr/bin/dsymutil
configure:6432: result: dsymutil
configure:6497: checking for nmedit
configure:6513: found /usr/bin/nmedit
configure:6524: result: nmedit
configure:6589: checking for lipo
configure:6605: found /usr/bin/lipo
configure:6616: result: lipo
configure:6681: checking for otool
configure:6697: found /usr/bin/otool
configure:6708: result: otool
configure:6773: checking for otool64
configure:6803: result: no
configure:6848: checking for -single_module linker flag
gcc -g -O2  -o libconftest.dylib -dynamiclib -Wl,-single_module conftest.c
configure:6881: result: yes
configure:6884: checking for -exported_symbols_list linker flag
configure:6904: gcc -o conftest -g -O2   -Wl,-exported_symbols_list,conftest.sym conftest.c  >&5
configure:6904: $? = 0
configure:6914: result: yes
configure:6917: checking for -force_load linker flag
gcc -g -O2 -c -o conftest.o conftest.c
ar cru libconftest.a conftest.o
ranlib libconftest.a
gcc -g -O2  -o conftest conftest.c -Wl,-force_load,./libconftest.a
configure:6949: result: yes
configure:6991: checking how to run the C preprocessor
configure:7022: gcc -E  conftest.c
configure:7022: $? = 0
configure:7036: gcc -E  conftest.c
conftest.c:11:10: fatal error: 'ac_nonexistent.h' file not found
#include <ac_nonexistent.h>
         ^
1 error generated.
configure:7036: $? = 1
configure: failed program was:
| /* confdefs.h */
| #define PACKAGE_NAME "APRS parser"
| #define PACKAGE_TARNAME "libfap"
| #define PACKAGE_VERSION "1.5"
| #define PACKAGE_STRING "APRS parser 1.5"
| #define PACKAGE_BUGREPORT "OH2GVE"
| #define PACKAGE_URL ""
| #define PACKAGE "libfap"
| #define VERSION "1.5"
| /* end confdefs.h.  */
| #include <ac_nonexistent.h>
configure:7061: result: gcc -E
configure:7081: gcc -E  conftest.c
configure:7081: $? = 0
configure:7095: gcc -E  conftest.c
conftest.c:11:10: fatal error: 'ac_nonexistent.h' file not found
#include <ac_nonexistent.h>
         ^
1 error generated.
configure:7095: $? = 1
configure: failed program was:
| /* confdefs.h */
| #define PACKAGE_NAME "APRS parser"
| #define PACKAGE_TARNAME "libfap"
| #define PACKAGE_VERSION "1.5"
| #define PACKAGE_STRING "APRS parser 1.5"
| #define PACKAGE_BUGREPORT "OH2GVE"
| #define PACKAGE_URL ""
| #define PACKAGE "libfap"
| #define VERSION "1.5"
| /* end confdefs.h.  */
| #include <ac_nonexistent.h>
configure:7124: checking for ANSI C header files
configure:7144: gcc -c -g -O2  conftest.c >&5
configure:7144: $? = 0
configure:7217: gcc -o conftest -g -O2   conftest.c  >&5
configure:7217: $? = 0
configure:7217: ./conftest
configure:7217: $? = 0
configure:7228: result: yes
configure:7241: checking for sys/types.h
configure:7241: gcc -c -g -O2  conftest.c >&5
configure:7241: $? = 0
configure:7241: result: yes
configure:7241: checking for sys/stat.h
configure:7241: gcc -c -g -O2  conftest.c >&5
configure:7241: $? = 0
configure:7241: result: yes
configure:7241: checking for stdlib.h
configure:7241: gcc -c -g -O2  conftest.c >&5
configure:7241: $? = 0
configure:7241: result: yes
configure:7241: checking for string.h
configure:7241: gcc -c -g -O2  conftest.c >&5
configure:7241: $? = 0
configure:7241: result: yes
configure:7241: checking for memory.h
configure:7241: gcc -c -g -O2  conftest.c >&5
configure:7241: $? = 0
configure:7241: result: yes
configure:7241: checking for strings.h
configure:7241: gcc -c -g -O2  conftest.c >&5
configure:7241: $? = 0
configure:7241: result: yes
configure:7241: checking for inttypes.h
configure:7241: gcc -c -g -O2  conftest.c >&5
configure:7241: $? = 0
configure:7241: result: yes
configure:7241: checking for stdint.h
configure:7241: gcc -c -g -O2  conftest.c >&5
configure:7241: $? = 0
configure:7241: result: yes
configure:7241: checking for unistd.h
configure:7241: gcc -c -g -O2  conftest.c >&5
configure:7241: $? = 0
configure:7241: result: yes
configure:7255: checking for dlfcn.h
configure:7255: gcc -c -g -O2  conftest.c >&5
configure:7255: $? = 0
configure:7255: result: yes
configure:7461: checking for objdir
configure:7476: result: .libs
configure:7747: checking if gcc supports -fno-rtti -fno-exceptions
configure:7765: gcc -c -g -O2  -fno-rtti -fno-exceptions conftest.c >&5
configure:7769: $? = 0
configure:7782: result: yes
configure:8109: checking for gcc option to produce PIC
configure:8116: result: -fno-common -DPIC
configure:8124: checking if gcc PIC flag -fno-common -DPIC works
configure:8142: gcc -c -g -O2  -fno-common -DPIC -DPIC conftest.c >&5
configure:8146: $? = 0
configure:8159: result: yes
configure:8188: checking if gcc static flag -static works
configure:8216: result: no
configure:8231: checking if gcc supports -c -o file.o
configure:8252: gcc -c -g -O2  -o out/conftest2.o conftest.c >&5
configure:8256: $? = 0
configure:8278: result: yes
configure:8286: checking if gcc supports -c -o file.o
configure:8333: result: yes
configure:8366: checking whether the gcc linker (/Applications/Xcode.app/Contents/Developer/Toolchains/XcodeDefault.xctoolchain/usr/bin/ld) supports shared libraries
configure:9523: result: yes
configure:9763: checking dynamic linker characteristics
configure:10497: result: darwin14.3.0 dyld
configure:10604: checking how to hardcode library paths into programs
configure:10629: result: immediate
configure:11169: checking whether stripping libraries is possible
configure:11183: result: yes
configure:11209: checking if libtool supports shared libraries
configure:11211: result: yes
configure:11214: checking whether to build shared libraries
configure:11235: result: yes
configure:11238: checking whether to build static libraries
configure:11242: result: yes
configure:11327: checking for gcc
configure:11354: result: gcc
configure:11583: checking for C compiler version
configure:11592: gcc --version >&5
Apple LLVM version 6.1.0 (clang-602.0.53) (based on LLVM 3.6.0svn)
Target: x86_64-apple-darwin14.3.0
Thread model: posix
Configured with: --prefix=/Applications/Xcode.app/Contents/Developer/usr --with-gxx-include-dir=/usr/include/c++/4.2.1
configure:11603: $? = 0
configure:11592: gcc -v >&5
Configured with: --prefix=/Applications/Xcode.app/Contents/Developer/usr --with-gxx-include-dir=/usr/include/c++/4.2.1
Apple LLVM version 6.1.0 (clang-602.0.53) (based on LLVM 3.6.0svn)
Target: x86_64-apple-darwin14.3.0
Thread model: posix
configure:11603: $? = 0
configure:11592: gcc -V >&5
clang: error: argument to '-V' is missing (expected 1 value)
clang: error: no input files
configure:11603: $? = 1
configure:11592: gcc -qversion >&5
clang: error: unknown argument: '-qversion'
clang: error: no input files
configure:11603: $? = 1
configure:11607: checking whether we are using the GNU C compiler
configure:11635: result: yes
configure:11644: checking whether gcc accepts -g
configure:11705: result: yes
configure:11722: checking for gcc option to accept ISO C89
configure:11798: result: none needed
configure:11820: checking dependency style of gcc
configure:11931: result: gcc3
configure:11948: checking for stdlib.h
configure:11948: result: yes
configure:11956: checking stdio.h usability
configure:11956: gcc -c -g -O2  conftest.c >&5
configure:11956: $? = 0
configure:11956: result: yes
configure:11956: checking stdio.h presence
configure:11956: gcc -E  conftest.c
configure:11956: $? = 0
configure:11956: result: yes
configure:11956: checking for stdio.h
configure:11956: result: yes
configure:11964: checking for string.h
configure:11964: result: yes
configure:11972: checking for stdint.h
configure:11972: result: yes
configure:11980: checking ctype.h usability
configure:11980: gcc -c -g -O2  conftest.c >&5
configure:11980: $? = 0
configure:11980: result: yes
configure:11980: checking ctype.h presence
configure:11980: gcc -E  conftest.c
configure:11980: $? = 0
configure:11980: result: yes
configure:11980: checking for ctype.h
configure:11980: result: yes
configure:11988: checking regex.h usability
configure:11988: gcc -c -g -O2  conftest.c >&5
configure:11988: $? = 0
configure:11988: result: yes
configure:11988: checking regex.h presence
configure:11988: gcc -E  conftest.c
configure:11988: $? = 0
configure:11988: result: yes
configure:11988: checking for regex.h
configure:11988: result: yes
configure:11996: checking time.h usability
configure:11996: gcc -c -g -O2  conftest.c >&5
configure:11996: $? = 0
configure:11996: result: yes
configure:11996: checking time.h presence
configure:11996: gcc -E  conftest.c
configure:11996: $? = 0
configure:11996: result: yes
configure:11996: checking for time.h
configure:11996: result: yes
configure:12004: checking math.h usability
configure:12004: gcc -c -g -O2  conftest.c >&5
configure:12004: $? = 0
configure:12004: result: yes
configure:12004: checking math.h presence
configure:12004: gcc -E  conftest.c
configure:12004: $? = 0
configure:12004: result: yes
configure:12004: checking for math.h
configure:12004: result: yes
configure:12013: checking for pow in -lm
configure:12038: gcc -o conftest -g -O2   conftest.c -lm   >&5
conftest.c:30:6: warning: incompatible redeclaration of library function 'pow' [-Wincompatible-library-redeclaration]
char pow ();
     ^
conftest.c:30:6: note: 'pow' is a builtin with type 'double (double, double)'
1 warning generated.
configure:12038: $? = 0
configure:12047: result: yes
configure:12195: creating ./config.status

## ---------------------- ##
## Running config.status. ##
## ---------------------- ##

This file was extended by APRS parser config.status 1.5, which was
generated by GNU Autoconf 2.69.  Invocation command line was

  CONFIG_FILES    = 
  CONFIG_HEADERS  = 
  CONFIG_LINKS    = 
  CONFIG_COMMANDS = 
  $ ./config.status 

on Conrads-MacBook-Pro.local

config.status:1078: creating Makefile
config.status:1078: creating licenses/Makefile
config.status:1078: creating src/Makefile
config.status:1078: creating libfap.pc
config.status:1078: creating config.h
config.status:1307: executing depfiles commands
config.status:1307: executing libtool commands

## ---------------- ##
## Cache variables. ##
## ---------------- ##

ac_cv_build=x86_64-apple-darwin14.3.0
ac_cv_c_compiler_gnu=yes
ac_cv_env_CC_set=
ac_cv_env_CC_value=
ac_cv_env_CFLAGS_set=
ac_cv_env_CFLAGS_value=
ac_cv_env_CPPFLAGS_set=
ac_cv_env_CPPFLAGS_value=
ac_cv_env_CPP_set=
ac_cv_env_CPP_value=
ac_cv_env_LDFLAGS_set=
ac_cv_env_LDFLAGS_value=
ac_cv_env_LIBS_set=
ac_cv_env_LIBS_value=
ac_cv_env_build_alias_set=
ac_cv_env_build_alias_value=
ac_cv_env_host_alias_set=
ac_cv_env_host_alias_value=
ac_cv_env_target_alias_set=
ac_cv_env_target_alias_value=
ac_cv_header_ctype_h=yes
ac_cv_header_dlfcn_h=yes
ac_cv_header_inttypes_h=yes
ac_cv_header_math_h=yes
ac_cv_header_memory_h=yes
ac_cv_header_regex_h=yes
ac_cv_header_stdc=yes
ac_cv_header_stdint_h=yes
ac_cv_header_stdio_h=yes
ac_cv_header_stdlib_h=yes
ac_cv_header_string_h=yes
ac_cv_header_strings_h=yes
ac_cv_header_sys_stat_h=yes
ac_cv_header_sys_types_h=yes
ac_cv_header_time_h=yes
ac_cv_header_unistd_h=yes
ac_cv_host=x86_64-apple-darwin14.3.0
ac_cv_lib_m_pow=yes
ac_cv_objext=o
ac_cv_path_EGREP='/usr/bin/grep -E'
ac_cv_path_FGREP='/usr/bin/grep -F'
ac_cv_path_GREP=/usr/bin/grep
ac_cv_path_SED=/usr/bin/sed
ac_cv_path_install='/usr/bin/install -c'
ac_cv_prog_AWK=awk
ac_cv_prog_CPP='gcc -E'
ac_cv_prog_ac_ct_AR=ar
ac_cv_prog_ac_ct_CC=gcc
ac_cv_prog_ac_ct_DSYMUTIL=dsymutil
ac_cv_prog_ac_ct_LIPO=lipo
ac_cv_prog_ac_ct_NMEDIT=nmedit
ac_cv_prog_ac_ct_OTOOL=otool
ac_cv_prog_ac_ct_RANLIB=ranlib
ac_cv_prog_ac_ct_STRIP=strip
ac_cv_prog_cc_c89=
ac_cv_prog_cc_g=yes
ac_cv_prog_make_make_set=yes
am_cv_CC_dependencies_compiler_type=gcc3
lt_cv_apple_cc_single_mod=yes
lt_cv_ar_at_file=no
lt_cv_deplibs_check_method=pass_all
lt_cv_file_magic_cmd='$MAGIC_CMD'
lt_cv_file_magic_test_file=
lt_cv_ld_exported_symbols_list=yes
lt_cv_ld_force_load=yes
lt_cv_ld_reload_flag=-r
lt_cv_nm_interface='BSD nm'
lt_cv_objdir=.libs
lt_cv_path_LD=/Applications/Xcode.app/Contents/Developer/Toolchains/XcodeDefault.xctoolchain/usr/bin/ld
lt_cv_path_NM=/usr/bin/nm
lt_cv_path_mainfest_tool=no
lt_cv_prog_compiler_c_o=yes
lt_cv_prog_compiler_pic='-fno-common -DPIC'
lt_cv_prog_compiler_pic_works=yes
lt_cv_prog_compiler_rtti_exceptions=yes
lt_cv_prog_compiler_static_works=no
lt_cv_prog_gnu_ld=no
lt_cv_sharedlib_from_linklib_cmd='printf %s\n'
lt_cv_sys_global_symbol_pipe='sed -n -e '\''s/^.*[	 ]\([BCDEGRST][BCDEGRST]*\)[	 ][	 ]*_\([_A-Za-z][_A-Za-z0-9]*\)$/\1 _\2 \2/p'\'' | sed '\''/ __gnu_lto/d'\'''
lt_cv_sys_global_symbol_to_c_name_address='sed -n -e '\''s/^: \([^ ]*\)[ ]*$/  {\"\1\", (void *) 0},/p'\'' -e '\''s/^[BCDEGRST]* \([^ ]*\) \([^ ]*\)$/  {"\2", (void *) \&\2},/p'\'''
lt_cv_sys_global_symbol_to_c_name_address_lib_prefix='sed -n -e '\''s/^: \([^ ]*\)[ ]*$/  {\"\1\", (void *) 0},/p'\'' -e '\''s/^[BCDEGRST]* \([^ ]*\) \(lib[^ ]*\)$/  {"\2", (void *) \&\2},/p'\'' -e '\''s/^[BCDEGRST]* \([^ ]*\) \([^ ]*\)$/  {"lib\2", (void *) \&\2},/p'\'''
lt_cv_sys_global_symbol_to_cdecl='sed -n -e '\''s/^T .* \(.*\)$/extern int \1();/p'\'' -e '\''s/^[BCDEGRST]* .* \(.*\)$/extern char \1;/p'\'''
lt_cv_sys_max_cmd_len=196608
lt_cv_to_host_file_cmd=func_convert_file_noop
lt_cv_to_tool_file_cmd=func_convert_file_noop

## ----------------- ##
## Output variables. ##
## ----------------- ##

ACLOCAL='${SHELL} /Users/conradaslund/Documents/programering/kandi/kand/libfap-1.5/missing --run aclocal-1.11'
AMDEPBACKSLASH='\'
AMDEP_FALSE='#'
AMDEP_TRUE=''
AMTAR='$${TAR-tar}'
AR='ar'
AUTOCONF='${SHELL} /Users/conradaslund/Documents/programering/kandi/kand/libfap-1.5/missing --run autoconf'
AUTOHEADER='${SHELL} /Users/conradaslund/Documents/programering/kandi/kand/libfap-1.5/missing --run autoheader'
AUTOMAKE='${SHELL} /Users/conradaslund/Documents/programering/kandi/kand/libfap-1.5/missing --run automake-1.11'
AWK='awk'
CC='gcc'
CCDEPMODE='depmode=gcc3'
CFLAGS='-g -O2'
CPP='gcc -E'
CPPFLAGS=''
CYGPATH_W='echo'
DEFS='-DHAVE_CONFIG_H'
DEPDIR='.deps'
DLLTOOL='false'
DSYMUTIL='dsymutil'
DUMPBIN=''
ECHO_C='\c'
ECHO_N=''
ECHO_T=''
EGREP='/usr/bin/grep -E'
EXEEXT=''
FAP_LIBRARY_VERSION='6:0:0'
FGREP='/usr/bin/grep -F'
GREP='/usr/bin/grep'
INSTALL_DATA='${INSTALL} -m 644'
INSTALL_PROGRAM='${INSTALL}'
INSTALL_SCRIPT='${INSTALL}'
INSTALL_STRIP_PROGRAM='$(install_sh) -c -s'
LD='/Applications/Xcode.app/Contents/Developer/Toolchains/XcodeDefault.xctoolchain/usr/bin/ld'
LDFLAGS=''
LIBOBJS=''
LIBS='-lm '
LIBTOOL='$(SHELL) $(top_builddir)/libtool'
LIPO='lipo'
LN_S='ln -s'
LTLIBOBJS=''
MAKEINFO='${SHELL} /Users/conradaslund/Documents/programering/kandi/kand/libfap-1.5/missing --run makeinfo'
MANIFEST_TOOL=':'
MKDIR_P='./install-sh -c -d'
NM='/usr/bin/nm'
NMEDIT='nmedit'
OBJDUMP='false'
OBJEXT='o'
OTOOL64=':'
OTOOL='otool'
PACKAGE='libfap'
PACKAGE_BUGREPORT='OH2GVE'
PACKAGE_NAME='APRS parser'
PACKAGE_STRING='APRS parser 1.5'
PACKAGE_TARNAME='libfap'
PACKAGE_URL=''
PACKAGE_VERSION='1.5'
PATH_SEPARATOR=':'
RANLIB='ranlib'
SED='/usr/bin/sed'
SET_MAKE=''
SHELL='/bin/sh'
STRIP='strip'
VERSION='1.5'
ac_ct_AR='ar'
ac_ct_CC='gcc'
ac_ct_DUMPBIN=''
am__EXEEXT_FALSE=''
am__EXEEXT_TRUE='#'
am__fastdepCC_FALSE='#'
am__fastdepCC_TRUE=''
am__include='include'
am__isrc=''
am__leading_dot='.'
am__nodep='_no'
am__quote=''
am__tar='$${TAR-tar} chof - "$$tardir"'
am__untar='$${TAR-tar} xf -'
bindir='${exec_prefix}/bin'
build='x86_64-apple-darwin14.3.0'
build_alias=''
build_cpu='x86_64'
build_os='darwin14.3.0'
build_vendor='apple'
datadir='${datarootdir}'
datarootdir='${prefix}/share'
docdir='${datarootdir}/doc/${PACKAGE_TARNAME}'
dvidir='${docdir}'
exec_prefix='${prefix}'
host='x86_64-apple-darwin14.3.0'
host_alias=''
host_cpu='x86_64'
host_os='darwin14.3.0'
host_vendor='apple'
htmldir='${docdir}'
includedir='${prefix}/include'
infodir='${datarootdir}/info'
install_sh='${SHELL} /Users/conradaslund/Documents/programering/kandi/kand/libfap-1.5/install-sh'
libdir='${exec_prefix}/lib'
libexecdir='${exec_prefix}/libexec'
localedir='${datarootdir}/locale'
localstatedir='${prefix}/var'
mandir='${datarootdir}/man'
mkdir_p='$(top_builddir)/./install-sh -c -d'
oldincludedir='/usr/include'
pdfdir='${docdir}'
prefix='/usr/local'
program_transform_name='s,x,x,'
psdir='${docdir}'
sbindir='${exec_prefix}/sbin'
sharedstatedir='${prefix}/com'
sysconfdir='${prefix}/etc'
target_alias=''

## ----------- ##
## confdefs.h. ##
## ----------- ##

/* confdefs.h */
#define PACKAGE_NAME "APRS parser"
#define PACKAGE_TARNAME "libfap"
#define PACKAGE_VERSION "1.5"
#define PACKAGE_STRING "APRS parser 1.5"
#define PACKAGE_BUGREPORT "OH2GVE"
#define PACKAGE_URL ""
#define PACKAGE "libfap"
#define VERSION "1.5"
#define STDC_HEADERS 1
#define HAVE_SYS_TYPES_H 1
#define HAVE_SYS_STAT_H 1
#define HAVE_STDLIB_H 1
#define HAVE_STRING_H 1
#define HAVE_MEMORY_H 1
#define HAVE_STRINGS_H 1
#define HAVE_INTTYPES_H 1
#define HAVE_STDINT_H 1
#define HAVE_UNISTD_H 1
#define HAVE_DLFCN_H 1
#define LT_OBJDIR ".libs/"
#define HAVE_LIBM 1

configure: exit 0
